<?xml version="1.0" encoding="UTF-8"?>
<!-- Generated by org.testng.reporters.JUnitReportReporter -->
<testsuite hostname="LAPTOP-TKU9OK99" failures="0" tests="1" name="com.demoactime.com.testcase.Login" time="8.720" errors="0" timestamp="2023-07-08T21:09:02 IST" skipped="0">
  <testcase classname="com.demoactime.com.testcase.Login" name="verifyLoginwithincorrectPassword" time="8.720"/>
  <system-out/>
</testsuite> <!-- com.demoactime.com.testcase.Login -->
